<?xml version="1.0" encoding="UTF-8"?>
<testng-results skipped="0" failed="0" ignored="0" total="1" passed="1">
  <reporter-output>
  </reporter-output>
  <suite name="Default suite" duration-ms="16568" started-at="2021-04-10T14:13:23Z" finished-at="2021-04-10T14:13:39Z">
    <groups>
    </groups>
    <test name="Default test" duration-ms="16568" started-at="2021-04-10T14:13:23Z" finished-at="2021-04-10T14:13:39Z">
      <class name="tests.EndToEndFlowTest">
        <test-method status="PASS" signature="startDriver()[pri:0, instance:tests.EndToEndFlowTest@8bd1b6a]" name="startDriver" is-config="true" duration-ms="11170" started-at="2021-04-10T14:13:12Z" finished-at="2021-04-10T14:13:23Z">
          <reporter-output>
          </reporter-output>
        </test-method> <!-- startDriver -->
        <test-method status="PASS" signature="CompleteFlow()[pri:0, instance:tests.EndToEndFlowTest@8bd1b6a]" name="CompleteFlow" duration-ms="16529" started-at="2021-04-10T14:13:23Z" finished-at="2021-04-10T14:13:39Z">
          <reporter-output>
          </reporter-output>
        </test-method> <!-- CompleteFlow -->
        <test-method status="PASS" signature="stopDriver()[pri:0, instance:tests.EndToEndFlowTest@8bd1b6a]" name="stopDriver" is-config="true" duration-ms="861" started-at="2021-04-10T14:13:39Z" finished-at="2021-04-10T14:13:40Z">
          <reporter-output>
          </reporter-output>
        </test-method> <!-- stopDriver -->
      </class> <!-- tests.EndToEndFlowTest -->
    </test> <!-- Default test -->
  </suite> <!-- Default suite -->
</testng-results>
